  Main.cpp
C:\Users\chris\_dev\cpp\repos\WaterEffect\src\Main.cpp(2,10): warning C4067: unexpected tokens following preprocessor directive - expected a newline
C:\Users\chris\_dev\cpp\repos\WaterEffect\src\Main.cpp(3,10): warning C4067: unexpected tokens following preprocessor directive - expected a newline
C:\Users\chris\_dev\cpp\repos\WaterEffect\src\Main.cpp(4,10): warning C4067: unexpected tokens following preprocessor directive - expected a newline
C:\Users\chris\_dev\cpp\repos\WaterEffect\src\Main.cpp(5,10): warning C4067: unexpected tokens following preprocessor directive - expected a newline
C:\Users\chris\_dev\cpp\repos\WaterEffect\src\Main.cpp(47,36): warning C4101: 'e': unreferenced local variable
Main.obj : error LNK2019: unresolved external symbol glewInit referenced in function main
Main.obj : error LNK2019: unresolved external symbol glfwInit referenced in function main
Main.obj : error LNK2019: unresolved external symbol glfwTerminate referenced in function main
Main.obj : error LNK2019: unresolved external symbol glfwSetErrorCallback referenced in function main
Main.obj : error LNK2019: unresolved external symbol glfwWindowHint referenced in function main
Main.obj : error LNK2019: unresolved external symbol glfwCreateWindow referenced in function main
Main.obj : error LNK2019: unresolved external symbol glfwDestroyWindow referenced in function main
Main.obj : error LNK2019: unresolved external symbol glfwWindowShouldClose referenced in function main
Main.obj : error LNK2019: unresolved external symbol glfwPollEvents referenced in function main
Main.obj : error LNK2019: unresolved external symbol glfwMakeContextCurrent referenced in function main
Main.obj : error LNK2019: unresolved external symbol glfwSwapBuffers referenced in function main
Main.obj : error LNK2019: unresolved external symbol glfwSwapInterval referenced in function main
C:\Users\chris\_dev\cpp\repos\WaterEffect\\lib\glew-2.1.0.WIN32\lib\Release\Win32\glew32s.lib : warning LNK4272: library machine type 'x86' conflicts with target machine type 'x64'
C:\Users\chris\_dev\cpp\repos\WaterEffect\\lib\glfw-3.3.1.bin.WIN32\lib-vc2019\glfw3.lib : warning LNK4272: library machine type 'x86' conflicts with target machine type 'x64'
C:\Users\chris\_dev\cpp\repos\WaterEffect\x64\Debug\WaterEffect.exe : fatal error LNK1120: 12 unresolved externals
